<?xml version="1.0" encoding="UTF-8"?>
<!-- Generated by org.testng.reporters.JUnitXMLReporter -->
<testsuite ignored="2" hostname="b72efc257485594" failures="0" tests="2" name="Default test" time="0.045" errors="0" timestamp="2025-04-12T13:08:07 IST">
  <testcase classname="SauceDemo.SauceDemo.Utils" name="login" time="0.0">
    <skipped/>
  </testcase> <!-- login -->
  <testcase classname="SauceDemo.SauceDemo.Utils" name="login" time="0.0">
    <skipped/>
  </testcase> <!-- login -->
  <testcase classname="SauceDemo.SauceDemo.BaseTest" name="@BeforeSuite launchUrl" time="0.0">
    <ignored/>
  </testcase> <!-- @BeforeSuite launchUrl -->
  <testcase classname="SauceDemo.SauceDemo.BaseTest" name="@BeforeSuite launchUrl" time="0.0">
    <ignored/>
  </testcase> <!-- @BeforeSuite launchUrl -->
</testsuite> <!-- Default test -->
